<?xml version="1.0" encoding="UTF-8"?>
<!-- Generated by org.testng.reporters.JUnitReportReporter -->
<testsuite hostname="DESKTOP-G2T8TS4" failures="0" tests="2" name="Qaclickacademy.RestAPITest" time="0.016" errors="0" timestamp="01 Aug 2019 11:25:25 GMT" skipped="0">
  <testcase classname="Qaclickacademy.RestAPITest" name="RESTAPI" time="0.016"/>
  <testcase classname="Qaclickacademy.RestAPITest" name="SOAPAPI" time="0.000"/>
</testsuite> <!-- Qaclickacademy.RestAPITest -->
