<?xml version="1.0" encoding="UTF-8"?>
<!-- Generated by org.testng.reporters.JUnitReportReporter -->
<testsuite hostname="DESKTOP-G2T8TS4" failures="0" tests="2" name="Qaclickacademy.SeleniumTest" time="0.000" errors="0" timestamp="01 Aug 2019 11:25:13 GMT" skipped="0">
  <testcase classname="Qaclickacademy.SeleniumTest" name="SeleniumCode1" time="0.000"/>
  <testcase classname="Qaclickacademy.SeleniumTest" name="SeleniumCode" time="0.000"/>
</testsuite> <!-- Qaclickacademy.SeleniumTest -->
