<?xml version="1.0" encoding="UTF-8"?>
<!-- Generated by org.testng.reporters.JUnitReportReporter -->
<testsuite skipped="0" hostname="DESKTOP-G2T8TS4" name="Qaclickacademy.RestAPITest" tests="2" failures="0" timestamp="13 Aug 2019 09:36:03 GMT" time="0.019" errors="0">
  <testcase name="RESTAPI" time="0.019" classname="Qaclickacademy.RestAPITest"/>
  <testcase name="SOAPAPI" time="0.000" classname="Qaclickacademy.RestAPITest"/>
</testsuite> <!-- Qaclickacademy.RestAPITest -->
